#1 [internal] load .dockerignore
#1 transferring context: 2B done
#1 DONE 0.0s

#2 [internal] load build definition from Dockerfile
#2 transferring dockerfile: 267B done
#2 DONE 0.0s

#3 [internal] load metadata for docker.io/library/openjdk:8-jdk-slim
#3 DONE 0.0s

#4 [1/2] FROM docker.io/library/openjdk:8-jdk-slim
#4 DONE 0.0s

#5 [internal] load build context
#5 transferring context: 51.49MB 0.9s done
#5 DONE 0.9s

#4 [1/2] FROM docker.io/library/openjdk:8-jdk-slim
#4 CACHED

#6 [2/2] ADD target/demo-microservice-eureka.jar /usr/share/demo-microservice-eureka.jar
#6 DONE 0.8s

#7 exporting to image
#7 exporting layers
#7 exporting layers 0.6s done
#7 writing image sha256:87702217e397eac2829c20144f319337758d80d9de391cc624399181e45dfd88 done
#7 naming to registry.cn-hangzhou.aliyuncs.com/future-public/demo-spring-cloud-assistant-eureka:1.0.0 0.0s done
#7 DONE 0.6s
#1 [internal] load .dockerignore
#1 transferring context: 2B done
#1 DONE 0.0s

#2 [internal] load build definition from Dockerfile
#2 transferring dockerfile: 261B 0.0s done
#2 DONE 0.0s

#3 [internal] load metadata for docker.io/library/openjdk:8-jdk-slim
#3 DONE 0.0s

#4 [1/2] FROM docker.io/library/openjdk:8-jdk-slim
#4 DONE 0.0s

#5 [internal] load build context
#5 transferring context: 50.82MB 0.9s done
#5 DONE 0.9s

#4 [1/2] FROM docker.io/library/openjdk:8-jdk-slim
#4 CACHED

#6 [2/2] ADD target/demo-microservice-zuul.jar /usr/share/demo-microservice-zuul.jar
#6 DONE 0.8s

#7 exporting to image
#7 exporting layers
#7 exporting layers 0.6s done
#7 writing image sha256:846c98494772edf87d0788eb6f5b11c3c120928673d8f147e8b054aa6f62d638 done
#7 naming to registry.cn-hangzhou.aliyuncs.com/future-public/demo-spring-cloud-assistant-zuul:1.0.0 done
#7 DONE 0.6s
#1 [internal] load .dockerignore
#1 transferring context: 2B done
#1 DONE 0.0s

#2 [internal] load build definition from Dockerfile
#2 transferring dockerfile: 322B 0.0s done
#2 DONE 0.0s

#3 [internal] load metadata for docker.io/library/openjdk:8-jdk-slim
#3 DONE 0.0s

#4 [1/3] FROM docker.io/library/openjdk:8-jdk-slim
#4 DONE 0.0s

#5 [internal] load build context
#5 transferring context: 57.48MB 1.3s done
#5 DONE 1.3s

#6 [2/3] COPY ./sources.list /etc/apt/sources.list
#6 CACHED

#7 [3/3] ADD target/demo-microservice-helloworld.jar /usr/share/demo-microservice-helloworld.jar
#7 DONE 0.8s

#8 exporting to image
#8 exporting layers
#8 exporting layers 0.7s done
#8 writing image sha256:3b3a3c1a98262af313b5dce388a42dac145d7f77d996f0d9e20774b5268e8eb3 done
#8 naming to registry.cn-hangzhou.aliyuncs.com/future-public/demo-spring-cloud-assistant-helloworld:1.0.0 done
#8 DONE 0.8s
